Terminals unused in grammar

   TOKEN_ERROR
   IDENTF


State 58 conflicts: 1 shift/reduce


Grammar

    0 $accept: program $end

    1 program: declist

    2 declist: dec declist
    3        | /* empty */

    4 dec: DECL
    5    | FUNCT

    6 FUNCT: TYPE TK_IDENTIFIER '(' LISTPARAM ')' BODY

    7 LISTPARAM: PARAM RESTPARAM
    8          | /* empty */

    9 RESTPARAM: ',' PARAM RESTPARAM
   10          | /* empty */

   11 PARAM: TYPE TK_IDENTIFIER

   12 BODY: '{' BLCCOMAND '}'

   13 BLCCOMAND: COMAND RESTCOMAND

   14 RESTCOMAND: ';' COMAND RESTCOMAND
   15           | /* empty */

   16 COMAND: TK_IDENTIFIER '=' EXPRES
   17       | TK_IDENTIFIER '[' EXPRES ']' '=' EXPRES
   18       | CONTROLFL
   19       | KW_READ TK_IDENTIFIER
   20       | KW_PRINT LISTPRINT
   21       | KW_RETURN EXPRES
   22       | BODY
   23       | TK_IDENTIFIER OPERATOR_EQ EXPRES
   24       | /* empty */

   25 LISTPRINT: ELEMENT RESTELEMENT

   26 RESTELEMENT: ELEMENT RESTELEMENT
   27            | /* empty */

   28 ELEMENT: LIT_STRING
   29        | EXPRES

   30 CONTROLFL: KW_IF '(' EXPRES ')' KW_THEN COMAND
   31          | KW_IF '(' EXPRES ')' KW_THEN COMAND KW_ELSE COMAND
   32          | KW_WHILE '(' EXPRES ')' COMAND
   33          | KW_FOR '(' TK_IDENTIFIER '=' EXPRES KW_TO EXPRES ')' COMAND

   34 EXPRES: '(' EXPRES ')'
   35       | TK_IDENTIFIER
   36       | TK_IDENTIFIER '[' EXPRES ']'
   37       | TK_IDENTIFIER '(' LSTARG ')'
   38       | LIT_INTEGER
   39       | LIT_CHAR
   40       | LIT_REAL
   41       | EXPRES '*' EXPRES
   42       | EXPRES '+' EXPRES
   43       | EXPRES '-' EXPRES
   44       | EXPRES '/' EXPRES
   45       | EXPRES '<' EXPRES
   46       | EXPRES '>' EXPRES
   47       | '!' EXPRES
   48       | EXPRES OPERATOR_LE EXPRES
   49       | EXPRES OPERATOR_GE EXPRES
   50       | EXPRES OPERATOR_EQ EXPRES
   51       | EXPRES OPERATOR_NE EXPRES
   52       | EXPRES OPERATOR_AND EXPRES
   53       | EXPRES OPERATOR_OR EXPRES
   54       | '#' TK_IDENTIFIER
   55       | '&' TK_IDENTIFIER

   56 LSTARG: EXPRES RESTARG

   57 RESTARG: ',' EXPRES RESTARG
   58        | /* empty */

   59 DECL: TYPE TK_IDENTIFIER '=' INILIT ';'
   60     | TYPE TK_IDENTIFIER '[' LIT_INTEGER ']' ';'
   61     | TYPE TK_IDENTIFIER '[' LIT_INTEGER ']' ':' RESTINILIT ';'
   62     | TYPE '#' TK_IDENTIFIER '=' INILIT ';'

   63 TYPE: KW_CHAR
   64     | KW_FLOAT
   65     | KW_INT

   66 INILIT: LIT_CHAR
   67       | LIT_INTEGER
   68       | LIT_REAL

   69 RESTINILIT: INILIT RESTINILIT
   70           | /* empty */


Terminals, with rules where they appear

$end (0) 0
'!' (33) 47
'#' (35) 54 62
'&' (38) 55
'(' (40) 6 30 31 32 33 34 37
')' (41) 6 30 31 32 33 34 37
'*' (42) 41
'+' (43) 42
',' (44) 9 57
'-' (45) 43
'/' (47) 44
':' (58) 61
';' (59) 14 59 60 61 62
'<' (60) 45
'=' (61) 16 17 33 59 62
'>' (62) 46
'[' (91) 17 36 60 61
']' (93) 17 36 60 61
'{' (123) 12
'}' (125) 12
error (256)
KW_CHAR (258) 63
KW_INT (259) 65
KW_FLOAT (260) 64
KW_IF (261) 30 31
KW_THEN (262) 30 31
KW_ELSE (263) 31
KW_WHILE (264) 32
KW_FOR (265) 33
KW_TO (266) 33
KW_READ (267) 19
KW_RETURN (268) 21
KW_PRINT (269) 20
OPERATOR_LE (270) 48
OPERATOR_GE (271) 49
OPERATOR_EQ (272) 23 50
OPERATOR_NE (273) 51
OPERATOR_AND (274) 52
OPERATOR_OR (275) 53
TK_IDENTIFIER (276) 6 11 16 17 19 23 33 35 36 37 54 55 59 60 61 62
LIT_INTEGER (277) 38 60 61 67
LIT_REAL (278) 40 68
LIT_CHAR (279) 39 66
LIT_STRING (280) 28
TOKEN_ERROR (281)
IDENTF (282)
IFELSE (283)


Nonterminals, with rules where they appear

$accept (48)
    on left: 0
program (49)
    on left: 1, on right: 0
declist (50)
    on left: 2 3, on right: 1 2
dec (51)
    on left: 4 5, on right: 2
FUNCT (52)
    on left: 6, on right: 5
LISTPARAM (53)
    on left: 7 8, on right: 6
RESTPARAM (54)
    on left: 9 10, on right: 7 9
PARAM (55)
    on left: 11, on right: 7 9
BODY (56)
    on left: 12, on right: 6 22
BLCCOMAND (57)
    on left: 13, on right: 12
RESTCOMAND (58)
    on left: 14 15, on right: 13 14
COMAND (59)
    on left: 16 17 18 19 20 21 22 23 24, on right: 13 14 30 31 32 33
LISTPRINT (60)
    on left: 25, on right: 20
RESTELEMENT (61)
    on left: 26 27, on right: 25 26
ELEMENT (62)
    on left: 28 29, on right: 25 26
CONTROLFL (63)
    on left: 30 31 32 33, on right: 18
EXPRES (64)
    on left: 34 35 36 37 38 39 40 41 42 43 44 45 46 47 48 49 50 51
    52 53 54 55, on right: 16 17 21 23 29 30 31 32 33 34 36 41 42 43
    44 45 46 47 48 49 50 51 52 53 56 57
LSTARG (65)
    on left: 56, on right: 37
RESTARG (66)
    on left: 57 58, on right: 56 57
DECL (67)
    on left: 59 60 61 62, on right: 4
TYPE (68)
    on left: 63 64 65, on right: 6 11 59 60 61 62
INILIT (69)
    on left: 66 67 68, on right: 59 62 69
RESTINILIT (70)
    on left: 69 70, on right: 61 69


State 0

    0 $accept: . program $end

    KW_CHAR   shift, and go to state 1
    KW_INT    shift, and go to state 2
    KW_FLOAT  shift, and go to state 3

    $default  reduce using rule 3 (declist)

    program  go to state 4
    declist  go to state 5
    dec      go to state 6
    FUNCT    go to state 7
    DECL     go to state 8
    TYPE     go to state 9


State 1

   63 TYPE: KW_CHAR .

    $default  reduce using rule 63 (TYPE)


State 2

   65 TYPE: KW_INT .

    $default  reduce using rule 65 (TYPE)


State 3

   64 TYPE: KW_FLOAT .

    $default  reduce using rule 64 (TYPE)


State 4

    0 $accept: program . $end

    $end  shift, and go to state 10


State 5

    1 program: declist .

    $default  reduce using rule 1 (program)


State 6

    2 declist: dec . declist

    KW_CHAR   shift, and go to state 1
    KW_INT    shift, and go to state 2
    KW_FLOAT  shift, and go to state 3

    $default  reduce using rule 3 (declist)

    declist  go to state 11
    dec      go to state 6
    FUNCT    go to state 7
    DECL     go to state 8
    TYPE     go to state 9


State 7

    5 dec: FUNCT .

    $default  reduce using rule 5 (dec)


State 8

    4 dec: DECL .

    $default  reduce using rule 4 (dec)


State 9

    6 FUNCT: TYPE . TK_IDENTIFIER '(' LISTPARAM ')' BODY
   59 DECL: TYPE . TK_IDENTIFIER '=' INILIT ';'
   60     | TYPE . TK_IDENTIFIER '[' LIT_INTEGER ']' ';'
   61     | TYPE . TK_IDENTIFIER '[' LIT_INTEGER ']' ':' RESTINILIT ';'
   62     | TYPE . '#' TK_IDENTIFIER '=' INILIT ';'

    TK_IDENTIFIER  shift, and go to state 12
    '#'            shift, and go to state 13


State 10

    0 $accept: program $end .

    $default  accept


State 11

    2 declist: dec declist .

    $default  reduce using rule 2 (declist)


State 12

    6 FUNCT: TYPE TK_IDENTIFIER . '(' LISTPARAM ')' BODY
   59 DECL: TYPE TK_IDENTIFIER . '=' INILIT ';'
   60     | TYPE TK_IDENTIFIER . '[' LIT_INTEGER ']' ';'
   61     | TYPE TK_IDENTIFIER . '[' LIT_INTEGER ']' ':' RESTINILIT ';'

    '('  shift, and go to state 14
    '='  shift, and go to state 15
    '['  shift, and go to state 16


State 13

   62 DECL: TYPE '#' . TK_IDENTIFIER '=' INILIT ';'

    TK_IDENTIFIER  shift, and go to state 17


State 14

    6 FUNCT: TYPE TK_IDENTIFIER '(' . LISTPARAM ')' BODY

    KW_CHAR   shift, and go to state 1
    KW_INT    shift, and go to state 2
    KW_FLOAT  shift, and go to state 3

    $default  reduce using rule 8 (LISTPARAM)

    LISTPARAM  go to state 18
    PARAM      go to state 19
    TYPE       go to state 20


State 15

   59 DECL: TYPE TK_IDENTIFIER '=' . INILIT ';'

    LIT_INTEGER  shift, and go to state 21
    LIT_REAL     shift, and go to state 22
    LIT_CHAR     shift, and go to state 23

    INILIT  go to state 24


State 16

   60 DECL: TYPE TK_IDENTIFIER '[' . LIT_INTEGER ']' ';'
   61     | TYPE TK_IDENTIFIER '[' . LIT_INTEGER ']' ':' RESTINILIT ';'

    LIT_INTEGER  shift, and go to state 25


State 17

   62 DECL: TYPE '#' TK_IDENTIFIER . '=' INILIT ';'

    '='  shift, and go to state 26


State 18

    6 FUNCT: TYPE TK_IDENTIFIER '(' LISTPARAM . ')' BODY

    ')'  shift, and go to state 27


State 19

    7 LISTPARAM: PARAM . RESTPARAM

    ','  shift, and go to state 28

    $default  reduce using rule 10 (RESTPARAM)

    RESTPARAM  go to state 29


State 20

   11 PARAM: TYPE . TK_IDENTIFIER

    TK_IDENTIFIER  shift, and go to state 30


State 21

   67 INILIT: LIT_INTEGER .

    $default  reduce using rule 67 (INILIT)


State 22

   68 INILIT: LIT_REAL .

    $default  reduce using rule 68 (INILIT)


State 23

   66 INILIT: LIT_CHAR .

    $default  reduce using rule 66 (INILIT)


State 24

   59 DECL: TYPE TK_IDENTIFIER '=' INILIT . ';'

    ';'  shift, and go to state 31


State 25

   60 DECL: TYPE TK_IDENTIFIER '[' LIT_INTEGER . ']' ';'
   61     | TYPE TK_IDENTIFIER '[' LIT_INTEGER . ']' ':' RESTINILIT ';'

    ']'  shift, and go to state 32


State 26

   62 DECL: TYPE '#' TK_IDENTIFIER '=' . INILIT ';'

    LIT_INTEGER  shift, and go to state 21
    LIT_REAL     shift, and go to state 22
    LIT_CHAR     shift, and go to state 23

    INILIT  go to state 33


State 27

    6 FUNCT: TYPE TK_IDENTIFIER '(' LISTPARAM ')' . BODY

    '{'  shift, and go to state 34

    BODY  go to state 35


State 28

    9 RESTPARAM: ',' . PARAM RESTPARAM

    KW_CHAR   shift, and go to state 1
    KW_INT    shift, and go to state 2
    KW_FLOAT  shift, and go to state 3

    PARAM  go to state 36
    TYPE   go to state 20


State 29

    7 LISTPARAM: PARAM RESTPARAM .

    $default  reduce using rule 7 (LISTPARAM)


State 30

   11 PARAM: TYPE TK_IDENTIFIER .

    $default  reduce using rule 11 (PARAM)


State 31

   59 DECL: TYPE TK_IDENTIFIER '=' INILIT ';' .

    $default  reduce using rule 59 (DECL)


State 32

   60 DECL: TYPE TK_IDENTIFIER '[' LIT_INTEGER ']' . ';'
   61     | TYPE TK_IDENTIFIER '[' LIT_INTEGER ']' . ':' RESTINILIT ';'

    ';'  shift, and go to state 37
    ':'  shift, and go to state 38


State 33

   62 DECL: TYPE '#' TK_IDENTIFIER '=' INILIT . ';'

    ';'  shift, and go to state 39


State 34

   12 BODY: '{' . BLCCOMAND '}'

    KW_IF          shift, and go to state 40
    KW_WHILE       shift, and go to state 41
    KW_FOR         shift, and go to state 42
    KW_READ        shift, and go to state 43
    KW_RETURN      shift, and go to state 44
    KW_PRINT       shift, and go to state 45
    TK_IDENTIFIER  shift, and go to state 46
    '{'            shift, and go to state 34

    $default  reduce using rule 24 (COMAND)

    BODY       go to state 47
    BLCCOMAND  go to state 48
    COMAND     go to state 49
    CONTROLFL  go to state 50


State 35

    6 FUNCT: TYPE TK_IDENTIFIER '(' LISTPARAM ')' BODY .

    $default  reduce using rule 6 (FUNCT)


State 36

    9 RESTPARAM: ',' PARAM . RESTPARAM

    ','  shift, and go to state 28

    $default  reduce using rule 10 (RESTPARAM)

    RESTPARAM  go to state 51


State 37

   60 DECL: TYPE TK_IDENTIFIER '[' LIT_INTEGER ']' ';' .

    $default  reduce using rule 60 (DECL)


State 38

   61 DECL: TYPE TK_IDENTIFIER '[' LIT_INTEGER ']' ':' . RESTINILIT ';'

    LIT_INTEGER  shift, and go to state 21
    LIT_REAL     shift, and go to state 22
    LIT_CHAR     shift, and go to state 23

    $default  reduce using rule 70 (RESTINILIT)

    INILIT      go to state 52
    RESTINILIT  go to state 53


State 39

   62 DECL: TYPE '#' TK_IDENTIFIER '=' INILIT ';' .

    $default  reduce using rule 62 (DECL)


State 40

   30 CONTROLFL: KW_IF . '(' EXPRES ')' KW_THEN COMAND
   31          | KW_IF . '(' EXPRES ')' KW_THEN COMAND KW_ELSE COMAND

    '('  shift, and go to state 54


State 41

   32 CONTROLFL: KW_WHILE . '(' EXPRES ')' COMAND

    '('  shift, and go to state 55


State 42

   33 CONTROLFL: KW_FOR . '(' TK_IDENTIFIER '=' EXPRES KW_TO EXPRES ')' COMAND

    '('  shift, and go to state 56


State 43

   19 COMAND: KW_READ . TK_IDENTIFIER

    TK_IDENTIFIER  shift, and go to state 57


State 44

   21 COMAND: KW_RETURN . EXPRES

    TK_IDENTIFIER  shift, and go to state 58
    LIT_INTEGER    shift, and go to state 59
    LIT_REAL       shift, and go to state 60
    LIT_CHAR       shift, and go to state 61
    '!'            shift, and go to state 62
    '('            shift, and go to state 63
    '#'            shift, and go to state 64
    '&'            shift, and go to state 65

    EXPRES  go to state 66


State 45

   20 COMAND: KW_PRINT . LISTPRINT

    TK_IDENTIFIER  shift, and go to state 58
    LIT_INTEGER    shift, and go to state 59
    LIT_REAL       shift, and go to state 60
    LIT_CHAR       shift, and go to state 61
    LIT_STRING     shift, and go to state 67
    '!'            shift, and go to state 62
    '('            shift, and go to state 63
    '#'            shift, and go to state 64
    '&'            shift, and go to state 65

    LISTPRINT  go to state 68
    ELEMENT    go to state 69
    EXPRES     go to state 70


State 46

   16 COMAND: TK_IDENTIFIER . '=' EXPRES
   17       | TK_IDENTIFIER . '[' EXPRES ']' '=' EXPRES
   23       | TK_IDENTIFIER . OPERATOR_EQ EXPRES

    OPERATOR_EQ  shift, and go to state 71
    '='          shift, and go to state 72
    '['          shift, and go to state 73


State 47

   22 COMAND: BODY .

    $default  reduce using rule 22 (COMAND)


State 48

   12 BODY: '{' BLCCOMAND . '}'

    '}'  shift, and go to state 74


State 49

   13 BLCCOMAND: COMAND . RESTCOMAND

    ';'  shift, and go to state 75

    $default  reduce using rule 15 (RESTCOMAND)

    RESTCOMAND  go to state 76


State 50

   18 COMAND: CONTROLFL .

    $default  reduce using rule 18 (COMAND)


State 51

    9 RESTPARAM: ',' PARAM RESTPARAM .

    $default  reduce using rule 9 (RESTPARAM)


State 52

   69 RESTINILIT: INILIT . RESTINILIT

    LIT_INTEGER  shift, and go to state 21
    LIT_REAL     shift, and go to state 22
    LIT_CHAR     shift, and go to state 23

    $default  reduce using rule 70 (RESTINILIT)

    INILIT      go to state 52
    RESTINILIT  go to state 77


State 53

   61 DECL: TYPE TK_IDENTIFIER '[' LIT_INTEGER ']' ':' RESTINILIT . ';'

    ';'  shift, and go to state 78


State 54

   30 CONTROLFL: KW_IF '(' . EXPRES ')' KW_THEN COMAND
   31          | KW_IF '(' . EXPRES ')' KW_THEN COMAND KW_ELSE COMAND

    TK_IDENTIFIER  shift, and go to state 58
    LIT_INTEGER    shift, and go to state 59
    LIT_REAL       shift, and go to state 60
    LIT_CHAR       shift, and go to state 61
    '!'            shift, and go to state 62
    '('            shift, and go to state 63
    '#'            shift, and go to state 64
    '&'            shift, and go to state 65

    EXPRES  go to state 79


State 55

   32 CONTROLFL: KW_WHILE '(' . EXPRES ')' COMAND

    TK_IDENTIFIER  shift, and go to state 58
    LIT_INTEGER    shift, and go to state 59
    LIT_REAL       shift, and go to state 60
    LIT_CHAR       shift, and go to state 61
    '!'            shift, and go to state 62
    '('            shift, and go to state 63
    '#'            shift, and go to state 64
    '&'            shift, and go to state 65

    EXPRES  go to state 80


State 56

   33 CONTROLFL: KW_FOR '(' . TK_IDENTIFIER '=' EXPRES KW_TO EXPRES ')' COMAND

    TK_IDENTIFIER  shift, and go to state 81


State 57

   19 COMAND: KW_READ TK_IDENTIFIER .

    $default  reduce using rule 19 (COMAND)


State 58

   35 EXPRES: TK_IDENTIFIER .
   36       | TK_IDENTIFIER . '[' EXPRES ']'
   37       | TK_IDENTIFIER . '(' LSTARG ')'

    '('  shift, and go to state 82
    '['  shift, and go to state 83

    '('       [reduce using rule 35 (EXPRES)]
    $default  reduce using rule 35 (EXPRES)


State 59

   38 EXPRES: LIT_INTEGER .

    $default  reduce using rule 38 (EXPRES)


State 60

   40 EXPRES: LIT_REAL .

    $default  reduce using rule 40 (EXPRES)


State 61

   39 EXPRES: LIT_CHAR .

    $default  reduce using rule 39 (EXPRES)


State 62

   47 EXPRES: '!' . EXPRES

    TK_IDENTIFIER  shift, and go to state 58
    LIT_INTEGER    shift, and go to state 59
    LIT_REAL       shift, and go to state 60
    LIT_CHAR       shift, and go to state 61
    '!'            shift, and go to state 62
    '('            shift, and go to state 63
    '#'            shift, and go to state 64
    '&'            shift, and go to state 65

    EXPRES  go to state 84


State 63

   34 EXPRES: '(' . EXPRES ')'

    TK_IDENTIFIER  shift, and go to state 58
    LIT_INTEGER    shift, and go to state 59
    LIT_REAL       shift, and go to state 60
    LIT_CHAR       shift, and go to state 61
    '!'            shift, and go to state 62
    '('            shift, and go to state 63
    '#'            shift, and go to state 64
    '&'            shift, and go to state 65

    EXPRES  go to state 85


State 64

   54 EXPRES: '#' . TK_IDENTIFIER

    TK_IDENTIFIER  shift, and go to state 86


State 65

   55 EXPRES: '&' . TK_IDENTIFIER

    TK_IDENTIFIER  shift, and go to state 87


State 66

   21 COMAND: KW_RETURN EXPRES .
   41 EXPRES: EXPRES . '*' EXPRES
   42       | EXPRES . '+' EXPRES
   43       | EXPRES . '-' EXPRES
   44       | EXPRES . '/' EXPRES
   45       | EXPRES . '<' EXPRES
   46       | EXPRES . '>' EXPRES
   48       | EXPRES . OPERATOR_LE EXPRES
   49       | EXPRES . OPERATOR_GE EXPRES
   50       | EXPRES . OPERATOR_EQ EXPRES
   51       | EXPRES . OPERATOR_NE EXPRES
   52       | EXPRES . OPERATOR_AND EXPRES
   53       | EXPRES . OPERATOR_OR EXPRES

    OPERATOR_LE   shift, and go to state 88
    OPERATOR_GE   shift, and go to state 89
    OPERATOR_EQ   shift, and go to state 90
    OPERATOR_NE   shift, and go to state 91
    OPERATOR_AND  shift, and go to state 92
    OPERATOR_OR   shift, and go to state 93
    '<'           shift, and go to state 94
    '>'           shift, and go to state 95
    '-'           shift, and go to state 96
    '+'           shift, and go to state 97
    '*'           shift, and go to state 98
    '/'           shift, and go to state 99

    $default  reduce using rule 21 (COMAND)


State 67

   28 ELEMENT: LIT_STRING .

    $default  reduce using rule 28 (ELEMENT)


State 68

   20 COMAND: KW_PRINT LISTPRINT .

    $default  reduce using rule 20 (COMAND)


State 69

   25 LISTPRINT: ELEMENT . RESTELEMENT

    TK_IDENTIFIER  shift, and go to state 58
    LIT_INTEGER    shift, and go to state 59
    LIT_REAL       shift, and go to state 60
    LIT_CHAR       shift, and go to state 61
    LIT_STRING     shift, and go to state 67
    '!'            shift, and go to state 62
    '('            shift, and go to state 63
    '#'            shift, and go to state 64
    '&'            shift, and go to state 65

    $default  reduce using rule 27 (RESTELEMENT)

    RESTELEMENT  go to state 100
    ELEMENT      go to state 101
    EXPRES       go to state 70


State 70

   29 ELEMENT: EXPRES .
   41 EXPRES: EXPRES . '*' EXPRES
   42       | EXPRES . '+' EXPRES
   43       | EXPRES . '-' EXPRES
   44       | EXPRES . '/' EXPRES
   45       | EXPRES . '<' EXPRES
   46       | EXPRES . '>' EXPRES
   48       | EXPRES . OPERATOR_LE EXPRES
   49       | EXPRES . OPERATOR_GE EXPRES
   50       | EXPRES . OPERATOR_EQ EXPRES
   51       | EXPRES . OPERATOR_NE EXPRES
   52       | EXPRES . OPERATOR_AND EXPRES
   53       | EXPRES . OPERATOR_OR EXPRES

    OPERATOR_LE   shift, and go to state 88
    OPERATOR_GE   shift, and go to state 89
    OPERATOR_EQ   shift, and go to state 90
    OPERATOR_NE   shift, and go to state 91
    OPERATOR_AND  shift, and go to state 92
    OPERATOR_OR   shift, and go to state 93
    '<'           shift, and go to state 94
    '>'           shift, and go to state 95
    '-'           shift, and go to state 96
    '+'           shift, and go to state 97
    '*'           shift, and go to state 98
    '/'           shift, and go to state 99

    $default  reduce using rule 29 (ELEMENT)


State 71

   23 COMAND: TK_IDENTIFIER OPERATOR_EQ . EXPRES

    TK_IDENTIFIER  shift, and go to state 58
    LIT_INTEGER    shift, and go to state 59
    LIT_REAL       shift, and go to state 60
    LIT_CHAR       shift, and go to state 61
    '!'            shift, and go to state 62
    '('            shift, and go to state 63
    '#'            shift, and go to state 64
    '&'            shift, and go to state 65

    EXPRES  go to state 102


State 72

   16 COMAND: TK_IDENTIFIER '=' . EXPRES

    TK_IDENTIFIER  shift, and go to state 58
    LIT_INTEGER    shift, and go to state 59
    LIT_REAL       shift, and go to state 60
    LIT_CHAR       shift, and go to state 61
    '!'            shift, and go to state 62
    '('            shift, and go to state 63
    '#'            shift, and go to state 64
    '&'            shift, and go to state 65

    EXPRES  go to state 103


State 73

   17 COMAND: TK_IDENTIFIER '[' . EXPRES ']' '=' EXPRES

    TK_IDENTIFIER  shift, and go to state 58
    LIT_INTEGER    shift, and go to state 59
    LIT_REAL       shift, and go to state 60
    LIT_CHAR       shift, and go to state 61
    '!'            shift, and go to state 62
    '('            shift, and go to state 63
    '#'            shift, and go to state 64
    '&'            shift, and go to state 65

    EXPRES  go to state 104


State 74

   12 BODY: '{' BLCCOMAND '}' .

    $default  reduce using rule 12 (BODY)


State 75

   14 RESTCOMAND: ';' . COMAND RESTCOMAND

    KW_IF          shift, and go to state 40
    KW_WHILE       shift, and go to state 41
    KW_FOR         shift, and go to state 42
    KW_READ        shift, and go to state 43
    KW_RETURN      shift, and go to state 44
    KW_PRINT       shift, and go to state 45
    TK_IDENTIFIER  shift, and go to state 46
    '{'            shift, and go to state 34

    $default  reduce using rule 24 (COMAND)

    BODY       go to state 47
    COMAND     go to state 105
    CONTROLFL  go to state 50


State 76

   13 BLCCOMAND: COMAND RESTCOMAND .

    $default  reduce using rule 13 (BLCCOMAND)


State 77

   69 RESTINILIT: INILIT RESTINILIT .

    $default  reduce using rule 69 (RESTINILIT)


State 78

   61 DECL: TYPE TK_IDENTIFIER '[' LIT_INTEGER ']' ':' RESTINILIT ';' .

    $default  reduce using rule 61 (DECL)


State 79

   30 CONTROLFL: KW_IF '(' EXPRES . ')' KW_THEN COMAND
   31          | KW_IF '(' EXPRES . ')' KW_THEN COMAND KW_ELSE COMAND
   41 EXPRES: EXPRES . '*' EXPRES
   42       | EXPRES . '+' EXPRES
   43       | EXPRES . '-' EXPRES
   44       | EXPRES . '/' EXPRES
   45       | EXPRES . '<' EXPRES
   46       | EXPRES . '>' EXPRES
   48       | EXPRES . OPERATOR_LE EXPRES
   49       | EXPRES . OPERATOR_GE EXPRES
   50       | EXPRES . OPERATOR_EQ EXPRES
   51       | EXPRES . OPERATOR_NE EXPRES
   52       | EXPRES . OPERATOR_AND EXPRES
   53       | EXPRES . OPERATOR_OR EXPRES

    OPERATOR_LE   shift, and go to state 88
    OPERATOR_GE   shift, and go to state 89
    OPERATOR_EQ   shift, and go to state 90
    OPERATOR_NE   shift, and go to state 91
    OPERATOR_AND  shift, and go to state 92
    OPERATOR_OR   shift, and go to state 93
    '<'           shift, and go to state 94
    '>'           shift, and go to state 95
    '-'           shift, and go to state 96
    '+'           shift, and go to state 97
    '*'           shift, and go to state 98
    '/'           shift, and go to state 99
    ')'           shift, and go to state 106


State 80

   32 CONTROLFL: KW_WHILE '(' EXPRES . ')' COMAND
   41 EXPRES: EXPRES . '*' EXPRES
   42       | EXPRES . '+' EXPRES
   43       | EXPRES . '-' EXPRES
   44       | EXPRES . '/' EXPRES
   45       | EXPRES . '<' EXPRES
   46       | EXPRES . '>' EXPRES
   48       | EXPRES . OPERATOR_LE EXPRES
   49       | EXPRES . OPERATOR_GE EXPRES
   50       | EXPRES . OPERATOR_EQ EXPRES
   51       | EXPRES . OPERATOR_NE EXPRES
   52       | EXPRES . OPERATOR_AND EXPRES
   53       | EXPRES . OPERATOR_OR EXPRES

    OPERATOR_LE   shift, and go to state 88
    OPERATOR_GE   shift, and go to state 89
    OPERATOR_EQ   shift, and go to state 90
    OPERATOR_NE   shift, and go to state 91
    OPERATOR_AND  shift, and go to state 92
    OPERATOR_OR   shift, and go to state 93
    '<'           shift, and go to state 94
    '>'           shift, and go to state 95
    '-'           shift, and go to state 96
    '+'           shift, and go to state 97
    '*'           shift, and go to state 98
    '/'           shift, and go to state 99
    ')'           shift, and go to state 107


State 81

   33 CONTROLFL: KW_FOR '(' TK_IDENTIFIER . '=' EXPRES KW_TO EXPRES ')' COMAND

    '='  shift, and go to state 108


State 82

   37 EXPRES: TK_IDENTIFIER '(' . LSTARG ')'

    TK_IDENTIFIER  shift, and go to state 58
    LIT_INTEGER    shift, and go to state 59
    LIT_REAL       shift, and go to state 60
    LIT_CHAR       shift, and go to state 61
    '!'            shift, and go to state 62
    '('            shift, and go to state 63
    '#'            shift, and go to state 64
    '&'            shift, and go to state 65

    EXPRES  go to state 109
    LSTARG  go to state 110


State 83

   36 EXPRES: TK_IDENTIFIER '[' . EXPRES ']'

    TK_IDENTIFIER  shift, and go to state 58
    LIT_INTEGER    shift, and go to state 59
    LIT_REAL       shift, and go to state 60
    LIT_CHAR       shift, and go to state 61
    '!'            shift, and go to state 62
    '('            shift, and go to state 63
    '#'            shift, and go to state 64
    '&'            shift, and go to state 65

    EXPRES  go to state 111


State 84

   41 EXPRES: EXPRES . '*' EXPRES
   42       | EXPRES . '+' EXPRES
   43       | EXPRES . '-' EXPRES
   44       | EXPRES . '/' EXPRES
   45       | EXPRES . '<' EXPRES
   46       | EXPRES . '>' EXPRES
   47       | '!' EXPRES .
   48       | EXPRES . OPERATOR_LE EXPRES
   49       | EXPRES . OPERATOR_GE EXPRES
   50       | EXPRES . OPERATOR_EQ EXPRES
   51       | EXPRES . OPERATOR_NE EXPRES
   52       | EXPRES . OPERATOR_AND EXPRES
   53       | EXPRES . OPERATOR_OR EXPRES

    '-'  shift, and go to state 96
    '+'  shift, and go to state 97
    '*'  shift, and go to state 98
    '/'  shift, and go to state 99

    $default  reduce using rule 47 (EXPRES)


State 85

   34 EXPRES: '(' EXPRES . ')'
   41       | EXPRES . '*' EXPRES
   42       | EXPRES . '+' EXPRES
   43       | EXPRES . '-' EXPRES
   44       | EXPRES . '/' EXPRES
   45       | EXPRES . '<' EXPRES
   46       | EXPRES . '>' EXPRES
   48       | EXPRES . OPERATOR_LE EXPRES
   49       | EXPRES . OPERATOR_GE EXPRES
   50       | EXPRES . OPERATOR_EQ EXPRES
   51       | EXPRES . OPERATOR_NE EXPRES
   52       | EXPRES . OPERATOR_AND EXPRES
   53       | EXPRES . OPERATOR_OR EXPRES

    OPERATOR_LE   shift, and go to state 88
    OPERATOR_GE   shift, and go to state 89
    OPERATOR_EQ   shift, and go to state 90
    OPERATOR_NE   shift, and go to state 91
    OPERATOR_AND  shift, and go to state 92
    OPERATOR_OR   shift, and go to state 93
    '<'           shift, and go to state 94
    '>'           shift, and go to state 95
    '-'           shift, and go to state 96
    '+'           shift, and go to state 97
    '*'           shift, and go to state 98
    '/'           shift, and go to state 99
    ')'           shift, and go to state 112


State 86

   54 EXPRES: '#' TK_IDENTIFIER .

    $default  reduce using rule 54 (EXPRES)


State 87

   55 EXPRES: '&' TK_IDENTIFIER .

    $default  reduce using rule 55 (EXPRES)


State 88

   48 EXPRES: EXPRES OPERATOR_LE . EXPRES

    TK_IDENTIFIER  shift, and go to state 58
    LIT_INTEGER    shift, and go to state 59
    LIT_REAL       shift, and go to state 60
    LIT_CHAR       shift, and go to state 61
    '!'            shift, and go to state 62
    '('            shift, and go to state 63
    '#'            shift, and go to state 64
    '&'            shift, and go to state 65

    EXPRES  go to state 113


State 89

   49 EXPRES: EXPRES OPERATOR_GE . EXPRES

    TK_IDENTIFIER  shift, and go to state 58
    LIT_INTEGER    shift, and go to state 59
    LIT_REAL       shift, and go to state 60
    LIT_CHAR       shift, and go to state 61
    '!'            shift, and go to state 62
    '('            shift, and go to state 63
    '#'            shift, and go to state 64
    '&'            shift, and go to state 65

    EXPRES  go to state 114


State 90

   50 EXPRES: EXPRES OPERATOR_EQ . EXPRES

    TK_IDENTIFIER  shift, and go to state 58
    LIT_INTEGER    shift, and go to state 59
    LIT_REAL       shift, and go to state 60
    LIT_CHAR       shift, and go to state 61
    '!'            shift, and go to state 62
    '('            shift, and go to state 63
    '#'            shift, and go to state 64
    '&'            shift, and go to state 65

    EXPRES  go to state 115


State 91

   51 EXPRES: EXPRES OPERATOR_NE . EXPRES

    TK_IDENTIFIER  shift, and go to state 58
    LIT_INTEGER    shift, and go to state 59
    LIT_REAL       shift, and go to state 60
    LIT_CHAR       shift, and go to state 61
    '!'            shift, and go to state 62
    '('            shift, and go to state 63
    '#'            shift, and go to state 64
    '&'            shift, and go to state 65

    EXPRES  go to state 116


State 92

   52 EXPRES: EXPRES OPERATOR_AND . EXPRES

    TK_IDENTIFIER  shift, and go to state 58
    LIT_INTEGER    shift, and go to state 59
    LIT_REAL       shift, and go to state 60
    LIT_CHAR       shift, and go to state 61
    '!'            shift, and go to state 62
    '('            shift, and go to state 63
    '#'            shift, and go to state 64
    '&'            shift, and go to state 65

    EXPRES  go to state 117


State 93

   53 EXPRES: EXPRES OPERATOR_OR . EXPRES

    TK_IDENTIFIER  shift, and go to state 58
    LIT_INTEGER    shift, and go to state 59
    LIT_REAL       shift, and go to state 60
    LIT_CHAR       shift, and go to state 61
    '!'            shift, and go to state 62
    '('            shift, and go to state 63
    '#'            shift, and go to state 64
    '&'            shift, and go to state 65

    EXPRES  go to state 118


State 94

   45 EXPRES: EXPRES '<' . EXPRES

    TK_IDENTIFIER  shift, and go to state 58
    LIT_INTEGER    shift, and go to state 59
    LIT_REAL       shift, and go to state 60
    LIT_CHAR       shift, and go to state 61
    '!'            shift, and go to state 62
    '('            shift, and go to state 63
    '#'            shift, and go to state 64
    '&'            shift, and go to state 65

    EXPRES  go to state 119


State 95

   46 EXPRES: EXPRES '>' . EXPRES

    TK_IDENTIFIER  shift, and go to state 58
    LIT_INTEGER    shift, and go to state 59
    LIT_REAL       shift, and go to state 60
    LIT_CHAR       shift, and go to state 61
    '!'            shift, and go to state 62
    '('            shift, and go to state 63
    '#'            shift, and go to state 64
    '&'            shift, and go to state 65

    EXPRES  go to state 120


State 96

   43 EXPRES: EXPRES '-' . EXPRES

    TK_IDENTIFIER  shift, and go to state 58
    LIT_INTEGER    shift, and go to state 59
    LIT_REAL       shift, and go to state 60
    LIT_CHAR       shift, and go to state 61
    '!'            shift, and go to state 62
    '('            shift, and go to state 63
    '#'            shift, and go to state 64
    '&'            shift, and go to state 65

    EXPRES  go to state 121


State 97

   42 EXPRES: EXPRES '+' . EXPRES

    TK_IDENTIFIER  shift, and go to state 58
    LIT_INTEGER    shift, and go to state 59
    LIT_REAL       shift, and go to state 60
    LIT_CHAR       shift, and go to state 61
    '!'            shift, and go to state 62
    '('            shift, and go to state 63
    '#'            shift, and go to state 64
    '&'            shift, and go to state 65

    EXPRES  go to state 122


State 98

   41 EXPRES: EXPRES '*' . EXPRES

    TK_IDENTIFIER  shift, and go to state 58
    LIT_INTEGER    shift, and go to state 59
    LIT_REAL       shift, and go to state 60
    LIT_CHAR       shift, and go to state 61
    '!'            shift, and go to state 62
    '('            shift, and go to state 63
    '#'            shift, and go to state 64
    '&'            shift, and go to state 65

    EXPRES  go to state 123


State 99

   44 EXPRES: EXPRES '/' . EXPRES

    TK_IDENTIFIER  shift, and go to state 58
    LIT_INTEGER    shift, and go to state 59
    LIT_REAL       shift, and go to state 60
    LIT_CHAR       shift, and go to state 61
    '!'            shift, and go to state 62
    '('            shift, and go to state 63
    '#'            shift, and go to state 64
    '&'            shift, and go to state 65

    EXPRES  go to state 124


State 100

   25 LISTPRINT: ELEMENT RESTELEMENT .

    $default  reduce using rule 25 (LISTPRINT)


State 101

   26 RESTELEMENT: ELEMENT . RESTELEMENT

    TK_IDENTIFIER  shift, and go to state 58
    LIT_INTEGER    shift, and go to state 59
    LIT_REAL       shift, and go to state 60
    LIT_CHAR       shift, and go to state 61
    LIT_STRING     shift, and go to state 67
    '!'            shift, and go to state 62
    '('            shift, and go to state 63
    '#'            shift, and go to state 64
    '&'            shift, and go to state 65

    $default  reduce using rule 27 (RESTELEMENT)

    RESTELEMENT  go to state 125
    ELEMENT      go to state 101
    EXPRES       go to state 70


State 102

   23 COMAND: TK_IDENTIFIER OPERATOR_EQ EXPRES .
   41 EXPRES: EXPRES . '*' EXPRES
   42       | EXPRES . '+' EXPRES
   43       | EXPRES . '-' EXPRES
   44       | EXPRES . '/' EXPRES
   45       | EXPRES . '<' EXPRES
   46       | EXPRES . '>' EXPRES
   48       | EXPRES . OPERATOR_LE EXPRES
   49       | EXPRES . OPERATOR_GE EXPRES
   50       | EXPRES . OPERATOR_EQ EXPRES
   51       | EXPRES . OPERATOR_NE EXPRES
   52       | EXPRES . OPERATOR_AND EXPRES
   53       | EXPRES . OPERATOR_OR EXPRES

    OPERATOR_LE   shift, and go to state 88
    OPERATOR_GE   shift, and go to state 89
    OPERATOR_EQ   shift, and go to state 90
    OPERATOR_NE   shift, and go to state 91
    OPERATOR_AND  shift, and go to state 92
    OPERATOR_OR   shift, and go to state 93
    '<'           shift, and go to state 94
    '>'           shift, and go to state 95
    '-'           shift, and go to state 96
    '+'           shift, and go to state 97
    '*'           shift, and go to state 98
    '/'           shift, and go to state 99

    $default  reduce using rule 23 (COMAND)


State 103

   16 COMAND: TK_IDENTIFIER '=' EXPRES .
   41 EXPRES: EXPRES . '*' EXPRES
   42       | EXPRES . '+' EXPRES
   43       | EXPRES . '-' EXPRES
   44       | EXPRES . '/' EXPRES
   45       | EXPRES . '<' EXPRES
   46       | EXPRES . '>' EXPRES
   48       | EXPRES . OPERATOR_LE EXPRES
   49       | EXPRES . OPERATOR_GE EXPRES
   50       | EXPRES . OPERATOR_EQ EXPRES
   51       | EXPRES . OPERATOR_NE EXPRES
   52       | EXPRES . OPERATOR_AND EXPRES
   53       | EXPRES . OPERATOR_OR EXPRES

    OPERATOR_LE   shift, and go to state 88
    OPERATOR_GE   shift, and go to state 89
    OPERATOR_EQ   shift, and go to state 90
    OPERATOR_NE   shift, and go to state 91
    OPERATOR_AND  shift, and go to state 92
    OPERATOR_OR   shift, and go to state 93
    '<'           shift, and go to state 94
    '>'           shift, and go to state 95
    '-'           shift, and go to state 96
    '+'           shift, and go to state 97
    '*'           shift, and go to state 98
    '/'           shift, and go to state 99

    $default  reduce using rule 16 (COMAND)


State 104

   17 COMAND: TK_IDENTIFIER '[' EXPRES . ']' '=' EXPRES
   41 EXPRES: EXPRES . '*' EXPRES
   42       | EXPRES . '+' EXPRES
   43       | EXPRES . '-' EXPRES
   44       | EXPRES . '/' EXPRES
   45       | EXPRES . '<' EXPRES
   46       | EXPRES . '>' EXPRES
   48       | EXPRES . OPERATOR_LE EXPRES
   49       | EXPRES . OPERATOR_GE EXPRES
   50       | EXPRES . OPERATOR_EQ EXPRES
   51       | EXPRES . OPERATOR_NE EXPRES
   52       | EXPRES . OPERATOR_AND EXPRES
   53       | EXPRES . OPERATOR_OR EXPRES

    OPERATOR_LE   shift, and go to state 88
    OPERATOR_GE   shift, and go to state 89
    OPERATOR_EQ   shift, and go to state 90
    OPERATOR_NE   shift, and go to state 91
    OPERATOR_AND  shift, and go to state 92
    OPERATOR_OR   shift, and go to state 93
    '<'           shift, and go to state 94
    '>'           shift, and go to state 95
    '-'           shift, and go to state 96
    '+'           shift, and go to state 97
    '*'           shift, and go to state 98
    '/'           shift, and go to state 99
    ']'           shift, and go to state 126


State 105

   14 RESTCOMAND: ';' COMAND . RESTCOMAND

    ';'  shift, and go to state 75

    $default  reduce using rule 15 (RESTCOMAND)

    RESTCOMAND  go to state 127


State 106

   30 CONTROLFL: KW_IF '(' EXPRES ')' . KW_THEN COMAND
   31          | KW_IF '(' EXPRES ')' . KW_THEN COMAND KW_ELSE COMAND

    KW_THEN  shift, and go to state 128


State 107

   32 CONTROLFL: KW_WHILE '(' EXPRES ')' . COMAND

    KW_IF          shift, and go to state 40
    KW_WHILE       shift, and go to state 41
    KW_FOR         shift, and go to state 42
    KW_READ        shift, and go to state 43
    KW_RETURN      shift, and go to state 44
    KW_PRINT       shift, and go to state 45
    TK_IDENTIFIER  shift, and go to state 46
    '{'            shift, and go to state 34

    $default  reduce using rule 24 (COMAND)

    BODY       go to state 47
    COMAND     go to state 129
    CONTROLFL  go to state 50


State 108

   33 CONTROLFL: KW_FOR '(' TK_IDENTIFIER '=' . EXPRES KW_TO EXPRES ')' COMAND

    TK_IDENTIFIER  shift, and go to state 58
    LIT_INTEGER    shift, and go to state 59
    LIT_REAL       shift, and go to state 60
    LIT_CHAR       shift, and go to state 61
    '!'            shift, and go to state 62
    '('            shift, and go to state 63
    '#'            shift, and go to state 64
    '&'            shift, and go to state 65

    EXPRES  go to state 130


State 109

   41 EXPRES: EXPRES . '*' EXPRES
   42       | EXPRES . '+' EXPRES
   43       | EXPRES . '-' EXPRES
   44       | EXPRES . '/' EXPRES
   45       | EXPRES . '<' EXPRES
   46       | EXPRES . '>' EXPRES
   48       | EXPRES . OPERATOR_LE EXPRES
   49       | EXPRES . OPERATOR_GE EXPRES
   50       | EXPRES . OPERATOR_EQ EXPRES
   51       | EXPRES . OPERATOR_NE EXPRES
   52       | EXPRES . OPERATOR_AND EXPRES
   53       | EXPRES . OPERATOR_OR EXPRES
   56 LSTARG: EXPRES . RESTARG

    OPERATOR_LE   shift, and go to state 88
    OPERATOR_GE   shift, and go to state 89
    OPERATOR_EQ   shift, and go to state 90
    OPERATOR_NE   shift, and go to state 91
    OPERATOR_AND  shift, and go to state 92
    OPERATOR_OR   shift, and go to state 93
    '<'           shift, and go to state 94
    '>'           shift, and go to state 95
    '-'           shift, and go to state 96
    '+'           shift, and go to state 97
    '*'           shift, and go to state 98
    '/'           shift, and go to state 99
    ','           shift, and go to state 131

    $default  reduce using rule 58 (RESTARG)

    RESTARG  go to state 132


State 110

   37 EXPRES: TK_IDENTIFIER '(' LSTARG . ')'

    ')'  shift, and go to state 133


State 111

   36 EXPRES: TK_IDENTIFIER '[' EXPRES . ']'
   41       | EXPRES . '*' EXPRES
   42       | EXPRES . '+' EXPRES
   43       | EXPRES . '-' EXPRES
   44       | EXPRES . '/' EXPRES
   45       | EXPRES . '<' EXPRES
   46       | EXPRES . '>' EXPRES
   48       | EXPRES . OPERATOR_LE EXPRES
   49       | EXPRES . OPERATOR_GE EXPRES
   50       | EXPRES . OPERATOR_EQ EXPRES
   51       | EXPRES . OPERATOR_NE EXPRES
   52       | EXPRES . OPERATOR_AND EXPRES
   53       | EXPRES . OPERATOR_OR EXPRES

    OPERATOR_LE   shift, and go to state 88
    OPERATOR_GE   shift, and go to state 89
    OPERATOR_EQ   shift, and go to state 90
    OPERATOR_NE   shift, and go to state 91
    OPERATOR_AND  shift, and go to state 92
    OPERATOR_OR   shift, and go to state 93
    '<'           shift, and go to state 94
    '>'           shift, and go to state 95
    '-'           shift, and go to state 96
    '+'           shift, and go to state 97
    '*'           shift, and go to state 98
    '/'           shift, and go to state 99
    ']'           shift, and go to state 134


State 112

   34 EXPRES: '(' EXPRES ')' .

    $default  reduce using rule 34 (EXPRES)


State 113

   41 EXPRES: EXPRES . '*' EXPRES
   42       | EXPRES . '+' EXPRES
   43       | EXPRES . '-' EXPRES
   44       | EXPRES . '/' EXPRES
   45       | EXPRES . '<' EXPRES
   46       | EXPRES . '>' EXPRES
   48       | EXPRES . OPERATOR_LE EXPRES
   48       | EXPRES OPERATOR_LE EXPRES .
   49       | EXPRES . OPERATOR_GE EXPRES
   50       | EXPRES . OPERATOR_EQ EXPRES
   51       | EXPRES . OPERATOR_NE EXPRES
   52       | EXPRES . OPERATOR_AND EXPRES
   53       | EXPRES . OPERATOR_OR EXPRES

    '<'  shift, and go to state 94
    '>'  shift, and go to state 95
    '-'  shift, and go to state 96
    '+'  shift, and go to state 97
    '*'  shift, and go to state 98
    '/'  shift, and go to state 99

    $default  reduce using rule 48 (EXPRES)


State 114

   41 EXPRES: EXPRES . '*' EXPRES
   42       | EXPRES . '+' EXPRES
   43       | EXPRES . '-' EXPRES
   44       | EXPRES . '/' EXPRES
   45       | EXPRES . '<' EXPRES
   46       | EXPRES . '>' EXPRES
   48       | EXPRES . OPERATOR_LE EXPRES
   49       | EXPRES . OPERATOR_GE EXPRES
   49       | EXPRES OPERATOR_GE EXPRES .
   50       | EXPRES . OPERATOR_EQ EXPRES
   51       | EXPRES . OPERATOR_NE EXPRES
   52       | EXPRES . OPERATOR_AND EXPRES
   53       | EXPRES . OPERATOR_OR EXPRES

    '<'  shift, and go to state 94
    '>'  shift, and go to state 95
    '-'  shift, and go to state 96
    '+'  shift, and go to state 97
    '*'  shift, and go to state 98
    '/'  shift, and go to state 99

    $default  reduce using rule 49 (EXPRES)


State 115

   41 EXPRES: EXPRES . '*' EXPRES
   42       | EXPRES . '+' EXPRES
   43       | EXPRES . '-' EXPRES
   44       | EXPRES . '/' EXPRES
   45       | EXPRES . '<' EXPRES
   46       | EXPRES . '>' EXPRES
   48       | EXPRES . OPERATOR_LE EXPRES
   49       | EXPRES . OPERATOR_GE EXPRES
   50       | EXPRES . OPERATOR_EQ EXPRES
   50       | EXPRES OPERATOR_EQ EXPRES .
   51       | EXPRES . OPERATOR_NE EXPRES
   52       | EXPRES . OPERATOR_AND EXPRES
   53       | EXPRES . OPERATOR_OR EXPRES

    '<'  shift, and go to state 94
    '>'  shift, and go to state 95
    '-'  shift, and go to state 96
    '+'  shift, and go to state 97
    '*'  shift, and go to state 98
    '/'  shift, and go to state 99

    $default  reduce using rule 50 (EXPRES)


State 116

   41 EXPRES: EXPRES . '*' EXPRES
   42       | EXPRES . '+' EXPRES
   43       | EXPRES . '-' EXPRES
   44       | EXPRES . '/' EXPRES
   45       | EXPRES . '<' EXPRES
   46       | EXPRES . '>' EXPRES
   48       | EXPRES . OPERATOR_LE EXPRES
   49       | EXPRES . OPERATOR_GE EXPRES
   50       | EXPRES . OPERATOR_EQ EXPRES
   51       | EXPRES . OPERATOR_NE EXPRES
   51       | EXPRES OPERATOR_NE EXPRES .
   52       | EXPRES . OPERATOR_AND EXPRES
   53       | EXPRES . OPERATOR_OR EXPRES

    '<'  shift, and go to state 94
    '>'  shift, and go to state 95
    '-'  shift, and go to state 96
    '+'  shift, and go to state 97
    '*'  shift, and go to state 98
    '/'  shift, and go to state 99

    $default  reduce using rule 51 (EXPRES)


State 117

   41 EXPRES: EXPRES . '*' EXPRES
   42       | EXPRES . '+' EXPRES
   43       | EXPRES . '-' EXPRES
   44       | EXPRES . '/' EXPRES
   45       | EXPRES . '<' EXPRES
   46       | EXPRES . '>' EXPRES
   48       | EXPRES . OPERATOR_LE EXPRES
   49       | EXPRES . OPERATOR_GE EXPRES
   50       | EXPRES . OPERATOR_EQ EXPRES
   51       | EXPRES . OPERATOR_NE EXPRES
   52       | EXPRES . OPERATOR_AND EXPRES
   52       | EXPRES OPERATOR_AND EXPRES .
   53       | EXPRES . OPERATOR_OR EXPRES

    OPERATOR_LE  shift, and go to state 88
    OPERATOR_GE  shift, and go to state 89
    OPERATOR_EQ  shift, and go to state 90
    OPERATOR_NE  shift, and go to state 91
    '<'          shift, and go to state 94
    '>'          shift, and go to state 95
    '-'          shift, and go to state 96
    '+'          shift, and go to state 97
    '*'          shift, and go to state 98
    '/'          shift, and go to state 99

    $default  reduce using rule 52 (EXPRES)


State 118

   41 EXPRES: EXPRES . '*' EXPRES
   42       | EXPRES . '+' EXPRES
   43       | EXPRES . '-' EXPRES
   44       | EXPRES . '/' EXPRES
   45       | EXPRES . '<' EXPRES
   46       | EXPRES . '>' EXPRES
   48       | EXPRES . OPERATOR_LE EXPRES
   49       | EXPRES . OPERATOR_GE EXPRES
   50       | EXPRES . OPERATOR_EQ EXPRES
   51       | EXPRES . OPERATOR_NE EXPRES
   52       | EXPRES . OPERATOR_AND EXPRES
   53       | EXPRES . OPERATOR_OR EXPRES
   53       | EXPRES OPERATOR_OR EXPRES .

    OPERATOR_LE  shift, and go to state 88
    OPERATOR_GE  shift, and go to state 89
    OPERATOR_EQ  shift, and go to state 90
    OPERATOR_NE  shift, and go to state 91
    '<'          shift, and go to state 94
    '>'          shift, and go to state 95
    '-'          shift, and go to state 96
    '+'          shift, and go to state 97
    '*'          shift, and go to state 98
    '/'          shift, and go to state 99

    $default  reduce using rule 53 (EXPRES)


State 119

   41 EXPRES: EXPRES . '*' EXPRES
   42       | EXPRES . '+' EXPRES
   43       | EXPRES . '-' EXPRES
   44       | EXPRES . '/' EXPRES
   45       | EXPRES . '<' EXPRES
   45       | EXPRES '<' EXPRES .
   46       | EXPRES . '>' EXPRES
   48       | EXPRES . OPERATOR_LE EXPRES
   49       | EXPRES . OPERATOR_GE EXPRES
   50       | EXPRES . OPERATOR_EQ EXPRES
   51       | EXPRES . OPERATOR_NE EXPRES
   52       | EXPRES . OPERATOR_AND EXPRES
   53       | EXPRES . OPERATOR_OR EXPRES

    '-'  shift, and go to state 96
    '+'  shift, and go to state 97
    '*'  shift, and go to state 98
    '/'  shift, and go to state 99

    $default  reduce using rule 45 (EXPRES)


State 120

   41 EXPRES: EXPRES . '*' EXPRES
   42       | EXPRES . '+' EXPRES
   43       | EXPRES . '-' EXPRES
   44       | EXPRES . '/' EXPRES
   45       | EXPRES . '<' EXPRES
   46       | EXPRES . '>' EXPRES
   46       | EXPRES '>' EXPRES .
   48       | EXPRES . OPERATOR_LE EXPRES
   49       | EXPRES . OPERATOR_GE EXPRES
   50       | EXPRES . OPERATOR_EQ EXPRES
   51       | EXPRES . OPERATOR_NE EXPRES
   52       | EXPRES . OPERATOR_AND EXPRES
   53       | EXPRES . OPERATOR_OR EXPRES

    '-'  shift, and go to state 96
    '+'  shift, and go to state 97
    '*'  shift, and go to state 98
    '/'  shift, and go to state 99

    $default  reduce using rule 46 (EXPRES)


State 121

   41 EXPRES: EXPRES . '*' EXPRES
   42       | EXPRES . '+' EXPRES
   43       | EXPRES . '-' EXPRES
   43       | EXPRES '-' EXPRES .
   44       | EXPRES . '/' EXPRES
   45       | EXPRES . '<' EXPRES
   46       | EXPRES . '>' EXPRES
   48       | EXPRES . OPERATOR_LE EXPRES
   49       | EXPRES . OPERATOR_GE EXPRES
   50       | EXPRES . OPERATOR_EQ EXPRES
   51       | EXPRES . OPERATOR_NE EXPRES
   52       | EXPRES . OPERATOR_AND EXPRES
   53       | EXPRES . OPERATOR_OR EXPRES

    '*'  shift, and go to state 98
    '/'  shift, and go to state 99

    $default  reduce using rule 43 (EXPRES)


State 122

   41 EXPRES: EXPRES . '*' EXPRES
   42       | EXPRES . '+' EXPRES
   42       | EXPRES '+' EXPRES .
   43       | EXPRES . '-' EXPRES
   44       | EXPRES . '/' EXPRES
   45       | EXPRES . '<' EXPRES
   46       | EXPRES . '>' EXPRES
   48       | EXPRES . OPERATOR_LE EXPRES
   49       | EXPRES . OPERATOR_GE EXPRES
   50       | EXPRES . OPERATOR_EQ EXPRES
   51       | EXPRES . OPERATOR_NE EXPRES
   52       | EXPRES . OPERATOR_AND EXPRES
   53       | EXPRES . OPERATOR_OR EXPRES

    '*'  shift, and go to state 98
    '/'  shift, and go to state 99

    $default  reduce using rule 42 (EXPRES)


State 123

   41 EXPRES: EXPRES . '*' EXPRES
   41       | EXPRES '*' EXPRES .
   42       | EXPRES . '+' EXPRES
   43       | EXPRES . '-' EXPRES
   44       | EXPRES . '/' EXPRES
   45       | EXPRES . '<' EXPRES
   46       | EXPRES . '>' EXPRES
   48       | EXPRES . OPERATOR_LE EXPRES
   49       | EXPRES . OPERATOR_GE EXPRES
   50       | EXPRES . OPERATOR_EQ EXPRES
   51       | EXPRES . OPERATOR_NE EXPRES
   52       | EXPRES . OPERATOR_AND EXPRES
   53       | EXPRES . OPERATOR_OR EXPRES

    $default  reduce using rule 41 (EXPRES)


State 124

   41 EXPRES: EXPRES . '*' EXPRES
   42       | EXPRES . '+' EXPRES
   43       | EXPRES . '-' EXPRES
   44       | EXPRES . '/' EXPRES
   44       | EXPRES '/' EXPRES .
   45       | EXPRES . '<' EXPRES
   46       | EXPRES . '>' EXPRES
   48       | EXPRES . OPERATOR_LE EXPRES
   49       | EXPRES . OPERATOR_GE EXPRES
   50       | EXPRES . OPERATOR_EQ EXPRES
   51       | EXPRES . OPERATOR_NE EXPRES
   52       | EXPRES . OPERATOR_AND EXPRES
   53       | EXPRES . OPERATOR_OR EXPRES

    $default  reduce using rule 44 (EXPRES)


State 125

   26 RESTELEMENT: ELEMENT RESTELEMENT .

    $default  reduce using rule 26 (RESTELEMENT)


State 126

   17 COMAND: TK_IDENTIFIER '[' EXPRES ']' . '=' EXPRES

    '='  shift, and go to state 135


State 127

   14 RESTCOMAND: ';' COMAND RESTCOMAND .

    $default  reduce using rule 14 (RESTCOMAND)


State 128

   30 CONTROLFL: KW_IF '(' EXPRES ')' KW_THEN . COMAND
   31          | KW_IF '(' EXPRES ')' KW_THEN . COMAND KW_ELSE COMAND

    KW_IF          shift, and go to state 40
    KW_WHILE       shift, and go to state 41
    KW_FOR         shift, and go to state 42
    KW_READ        shift, and go to state 43
    KW_RETURN      shift, and go to state 44
    KW_PRINT       shift, and go to state 45
    TK_IDENTIFIER  shift, and go to state 46
    '{'            shift, and go to state 34

    $default  reduce using rule 24 (COMAND)

    BODY       go to state 47
    COMAND     go to state 136
    CONTROLFL  go to state 50


State 129

   32 CONTROLFL: KW_WHILE '(' EXPRES ')' COMAND .

    $default  reduce using rule 32 (CONTROLFL)


State 130

   33 CONTROLFL: KW_FOR '(' TK_IDENTIFIER '=' EXPRES . KW_TO EXPRES ')' COMAND
   41 EXPRES: EXPRES . '*' EXPRES
   42       | EXPRES . '+' EXPRES
   43       | EXPRES . '-' EXPRES
   44       | EXPRES . '/' EXPRES
   45       | EXPRES . '<' EXPRES
   46       | EXPRES . '>' EXPRES
   48       | EXPRES . OPERATOR_LE EXPRES
   49       | EXPRES . OPERATOR_GE EXPRES
   50       | EXPRES . OPERATOR_EQ EXPRES
   51       | EXPRES . OPERATOR_NE EXPRES
   52       | EXPRES . OPERATOR_AND EXPRES
   53       | EXPRES . OPERATOR_OR EXPRES

    KW_TO         shift, and go to state 137
    OPERATOR_LE   shift, and go to state 88
    OPERATOR_GE   shift, and go to state 89
    OPERATOR_EQ   shift, and go to state 90
    OPERATOR_NE   shift, and go to state 91
    OPERATOR_AND  shift, and go to state 92
    OPERATOR_OR   shift, and go to state 93
    '<'           shift, and go to state 94
    '>'           shift, and go to state 95
    '-'           shift, and go to state 96
    '+'           shift, and go to state 97
    '*'           shift, and go to state 98
    '/'           shift, and go to state 99


State 131

   57 RESTARG: ',' . EXPRES RESTARG

    TK_IDENTIFIER  shift, and go to state 58
    LIT_INTEGER    shift, and go to state 59
    LIT_REAL       shift, and go to state 60
    LIT_CHAR       shift, and go to state 61
    '!'            shift, and go to state 62
    '('            shift, and go to state 63
    '#'            shift, and go to state 64
    '&'            shift, and go to state 65

    EXPRES  go to state 138


State 132

   56 LSTARG: EXPRES RESTARG .

    $default  reduce using rule 56 (LSTARG)


State 133

   37 EXPRES: TK_IDENTIFIER '(' LSTARG ')' .

    $default  reduce using rule 37 (EXPRES)


State 134

   36 EXPRES: TK_IDENTIFIER '[' EXPRES ']' .

    $default  reduce using rule 36 (EXPRES)


State 135

   17 COMAND: TK_IDENTIFIER '[' EXPRES ']' '=' . EXPRES

    TK_IDENTIFIER  shift, and go to state 58
    LIT_INTEGER    shift, and go to state 59
    LIT_REAL       shift, and go to state 60
    LIT_CHAR       shift, and go to state 61
    '!'            shift, and go to state 62
    '('            shift, and go to state 63
    '#'            shift, and go to state 64
    '&'            shift, and go to state 65

    EXPRES  go to state 139


State 136

   30 CONTROLFL: KW_IF '(' EXPRES ')' KW_THEN COMAND .
   31          | KW_IF '(' EXPRES ')' KW_THEN COMAND . KW_ELSE COMAND

    KW_ELSE  shift, and go to state 140

    $default  reduce using rule 30 (CONTROLFL)


State 137

   33 CONTROLFL: KW_FOR '(' TK_IDENTIFIER '=' EXPRES KW_TO . EXPRES ')' COMAND

    TK_IDENTIFIER  shift, and go to state 58
    LIT_INTEGER    shift, and go to state 59
    LIT_REAL       shift, and go to state 60
    LIT_CHAR       shift, and go to state 61
    '!'            shift, and go to state 62
    '('            shift, and go to state 63
    '#'            shift, and go to state 64
    '&'            shift, and go to state 65

    EXPRES  go to state 141


State 138

   41 EXPRES: EXPRES . '*' EXPRES
   42       | EXPRES . '+' EXPRES
   43       | EXPRES . '-' EXPRES
   44       | EXPRES . '/' EXPRES
   45       | EXPRES . '<' EXPRES
   46       | EXPRES . '>' EXPRES
   48       | EXPRES . OPERATOR_LE EXPRES
   49       | EXPRES . OPERATOR_GE EXPRES
   50       | EXPRES . OPERATOR_EQ EXPRES
   51       | EXPRES . OPERATOR_NE EXPRES
   52       | EXPRES . OPERATOR_AND EXPRES
   53       | EXPRES . OPERATOR_OR EXPRES
   57 RESTARG: ',' EXPRES . RESTARG

    OPERATOR_LE   shift, and go to state 88
    OPERATOR_GE   shift, and go to state 89
    OPERATOR_EQ   shift, and go to state 90
    OPERATOR_NE   shift, and go to state 91
    OPERATOR_AND  shift, and go to state 92
    OPERATOR_OR   shift, and go to state 93
    '<'           shift, and go to state 94
    '>'           shift, and go to state 95
    '-'           shift, and go to state 96
    '+'           shift, and go to state 97
    '*'           shift, and go to state 98
    '/'           shift, and go to state 99
    ','           shift, and go to state 131

    $default  reduce using rule 58 (RESTARG)

    RESTARG  go to state 142


State 139

   17 COMAND: TK_IDENTIFIER '[' EXPRES ']' '=' EXPRES .
   41 EXPRES: EXPRES . '*' EXPRES
   42       | EXPRES . '+' EXPRES
   43       | EXPRES . '-' EXPRES
   44       | EXPRES . '/' EXPRES
   45       | EXPRES . '<' EXPRES
   46       | EXPRES . '>' EXPRES
   48       | EXPRES . OPERATOR_LE EXPRES
   49       | EXPRES . OPERATOR_GE EXPRES
   50       | EXPRES . OPERATOR_EQ EXPRES
   51       | EXPRES . OPERATOR_NE EXPRES
   52       | EXPRES . OPERATOR_AND EXPRES
   53       | EXPRES . OPERATOR_OR EXPRES

    OPERATOR_LE   shift, and go to state 88
    OPERATOR_GE   shift, and go to state 89
    OPERATOR_EQ   shift, and go to state 90
    OPERATOR_NE   shift, and go to state 91
    OPERATOR_AND  shift, and go to state 92
    OPERATOR_OR   shift, and go to state 93
    '<'           shift, and go to state 94
    '>'           shift, and go to state 95
    '-'           shift, and go to state 96
    '+'           shift, and go to state 97
    '*'           shift, and go to state 98
    '/'           shift, and go to state 99

    $default  reduce using rule 17 (COMAND)


State 140

   31 CONTROLFL: KW_IF '(' EXPRES ')' KW_THEN COMAND KW_ELSE . COMAND

    KW_IF          shift, and go to state 40
    KW_WHILE       shift, and go to state 41
    KW_FOR         shift, and go to state 42
    KW_READ        shift, and go to state 43
    KW_RETURN      shift, and go to state 44
    KW_PRINT       shift, and go to state 45
    TK_IDENTIFIER  shift, and go to state 46
    '{'            shift, and go to state 34

    $default  reduce using rule 24 (COMAND)

    BODY       go to state 47
    COMAND     go to state 143
    CONTROLFL  go to state 50


State 141

   33 CONTROLFL: KW_FOR '(' TK_IDENTIFIER '=' EXPRES KW_TO EXPRES . ')' COMAND
   41 EXPRES: EXPRES . '*' EXPRES
   42       | EXPRES . '+' EXPRES
   43       | EXPRES . '-' EXPRES
   44       | EXPRES . '/' EXPRES
   45       | EXPRES . '<' EXPRES
   46       | EXPRES . '>' EXPRES
   48       | EXPRES . OPERATOR_LE EXPRES
   49       | EXPRES . OPERATOR_GE EXPRES
   50       | EXPRES . OPERATOR_EQ EXPRES
   51       | EXPRES . OPERATOR_NE EXPRES
   52       | EXPRES . OPERATOR_AND EXPRES
   53       | EXPRES . OPERATOR_OR EXPRES

    OPERATOR_LE   shift, and go to state 88
    OPERATOR_GE   shift, and go to state 89
    OPERATOR_EQ   shift, and go to state 90
    OPERATOR_NE   shift, and go to state 91
    OPERATOR_AND  shift, and go to state 92
    OPERATOR_OR   shift, and go to state 93
    '<'           shift, and go to state 94
    '>'           shift, and go to state 95
    '-'           shift, and go to state 96
    '+'           shift, and go to state 97
    '*'           shift, and go to state 98
    '/'           shift, and go to state 99
    ')'           shift, and go to state 144


State 142

   57 RESTARG: ',' EXPRES RESTARG .

    $default  reduce using rule 57 (RESTARG)


State 143

   31 CONTROLFL: KW_IF '(' EXPRES ')' KW_THEN COMAND KW_ELSE COMAND .

    $default  reduce using rule 31 (CONTROLFL)


State 144

   33 CONTROLFL: KW_FOR '(' TK_IDENTIFIER '=' EXPRES KW_TO EXPRES ')' . COMAND

    KW_IF          shift, and go to state 40
    KW_WHILE       shift, and go to state 41
    KW_FOR         shift, and go to state 42
    KW_READ        shift, and go to state 43
    KW_RETURN      shift, and go to state 44
    KW_PRINT       shift, and go to state 45
    TK_IDENTIFIER  shift, and go to state 46
    '{'            shift, and go to state 34

    $default  reduce using rule 24 (COMAND)

    BODY       go to state 47
    COMAND     go to state 145
    CONTROLFL  go to state 50


State 145

   33 CONTROLFL: KW_FOR '(' TK_IDENTIFIER '=' EXPRES KW_TO EXPRES ')' COMAND .

    $default  reduce using rule 33 (CONTROLFL)
